This file contains any messages produced by compilers while
running configure, to aid debugging if configure makes a mistake.

It was created by stored configure 1.0, which was
generated by GNU Autoconf 2.69.  Invocation command line was

  $ ./configure 

## --------- ##
## Platform. ##
## --------- ##

hostname = l03devwrk
uname -m = x86_64
uname -r = 3.16.0-4-amd64
uname -s = Linux
uname -v = #1 SMP Debian 3.16.7-ckt25-2+deb8u3 (2016-07-02)

/usr/bin/uname -p = unknown
/bin/uname -X     = unknown

/bin/arch              = unknown
/usr/bin/arch -k       = unknown
/usr/convex/getsysinfo = unknown
/usr/bin/hostinfo      = unknown
/bin/machine           = unknown
/usr/bin/oslevel       = unknown
/bin/universe          = unknown

PATH: /home/aaugustyniak/bin
PATH: /home/aaugustyniak/BIN
PATH: /usr/lib/git-core
PATH: /home/aaugustyniak/bin/hadoop/bin
PATH: /usr/local/sbin
PATH: /usr/local/bin
PATH: /usr/sbin
PATH: /usr/bin
PATH: /sbin
PATH: /bin
PATH: /opt/go/bin


## ----------- ##
## Core tests. ##
## ----------- ##

configure:2247: checking for gcc
configure:2263: found /usr/bin/gcc
configure:2274: result: gcc
configure:2503: checking for C compiler version
configure:2512: gcc --version >&5
gcc (Debian 4.9.2-10) 4.9.2
Copyright (C) 2014 Free Software Foundation, Inc.
This is free software; see the source for copying conditions.  There is NO
warranty; not even for MERCHANTABILITY or FITNESS FOR A PARTICULAR PURPOSE.

configure:2523: $? = 0
configure:2512: gcc -v >&5
Using built-in specs.
COLLECT_GCC=gcc
COLLECT_LTO_WRAPPER=/usr/lib/gcc/x86_64-linux-gnu/4.9/lto-wrapper
Target: x86_64-linux-gnu
Configured with: ../src/configure -v --with-pkgversion='Debian 4.9.2-10' --with-bugurl=file:///usr/share/doc/gcc-4.9/README.Bugs --enable-languages=c,c++,java,go,d,fortran,objc,obj-c++ --prefix=/usr --program-suffix=-4.9 --enable-shared --enable-linker-build-id --libexecdir=/usr/lib --without-included-gettext --enable-threads=posix --with-gxx-include-dir=/usr/include/c++/4.9 --libdir=/usr/lib --enable-nls --with-sysroot=/ --enable-clocale=gnu --enable-libstdcxx-debug --enable-libstdcxx-time=yes --enable-gnu-unique-object --disable-vtable-verify --enable-plugin --with-system-zlib --disable-browser-plugin --enable-java-awt=gtk --enable-gtk-cairo --with-java-home=/usr/lib/jvm/java-1.5.0-gcj-4.9-amd64/jre --enable-java-home --with-jvm-root-dir=/usr/lib/jvm/java-1.5.0-gcj-4.9-amd64 --with-jvm-jar-dir=/usr/lib/jvm-exports/java-1.5.0-gcj-4.9-amd64 --with-arch-directory=amd64 --with-ecj-jar=/usr/share/java/eclipse-ecj.jar --enable-objc-gc --enable-multiarch --with-arch-32=i586 --with-abi=m64 --with-multilib-list=m32,m64,mx32 --enable-multilib --with-tune=generic --enable-checking=release --build=x86_64-linux-gnu --host=x86_64-linux-gnu --target=x86_64-linux-gnu
Thread model: posix
gcc version 4.9.2 (Debian 4.9.2-10) 
configure:2523: $? = 0
configure:2512: gcc -V >&5
gcc: error: unrecognized command line option '-V'
gcc: fatal error: no input files
compilation terminated.
configure:2523: $? = 4
configure:2512: gcc -qversion >&5
gcc: error: unrecognized command line option '-qversion'
gcc: fatal error: no input files
compilation terminated.
configure:2523: $? = 4
configure:2543: checking whether the C compiler works
configure:2565: gcc    conftest.c  >&5
configure:2569: $? = 0
configure:2617: result: yes
configure:2620: checking for C compiler default output file name
configure:2622: result: a.out
configure:2628: checking for suffix of executables
configure:2635: gcc -o conftest    conftest.c  >&5
configure:2639: $? = 0
configure:2661: result: 
configure:2683: checking whether we are cross compiling
configure:2691: gcc -o conftest    conftest.c  >&5
configure:2695: $? = 0
configure:2702: ./conftest
configure:2706: $? = 0
configure:2721: result: no
configure:2726: checking for suffix of object files
configure:2748: gcc -c   conftest.c >&5
configure:2752: $? = 0
configure:2773: result: o
configure:2777: checking whether we are using the GNU C compiler
configure:2796: gcc -c   conftest.c >&5
configure:2796: $? = 0
configure:2805: result: yes
configure:2814: checking whether gcc accepts -g
configure:2834: gcc -c -g  conftest.c >&5
configure:2834: $? = 0
configure:2875: result: yes
configure:2892: checking for gcc option to accept ISO C89
configure:2955: gcc  -c -g -O2  conftest.c >&5
configure:2955: $? = 0
configure:2968: result: none needed
configure:2998: checking how to run the C preprocessor
configure:3029: gcc -E  conftest.c
configure:3029: $? = 0
configure:3043: gcc -E  conftest.c
conftest.c:9:28: fatal error: ac_nonexistent.h: No such file or directory
 #include <ac_nonexistent.h>
                            ^
compilation terminated.
configure:3043: $? = 1
configure: failed program was:
| /* confdefs.h */
| #define PACKAGE_NAME "stored"
| #define PACKAGE_TARNAME "stored"
| #define PACKAGE_VERSION "1.0"
| #define PACKAGE_STRING "stored 1.0"
| #define PACKAGE_BUGREPORT "artur@aaugustyniak.pl"
| #define PACKAGE_URL ""
| /* end confdefs.h.  */
| #include <ac_nonexistent.h>
configure:3068: result: gcc -E
configure:3088: gcc -E  conftest.c
configure:3088: $? = 0
configure:3102: gcc -E  conftest.c
conftest.c:9:28: fatal error: ac_nonexistent.h: No such file or directory
 #include <ac_nonexistent.h>
                            ^
compilation terminated.
configure:3102: $? = 1
configure: failed program was:
| /* confdefs.h */
| #define PACKAGE_NAME "stored"
| #define PACKAGE_TARNAME "stored"
| #define PACKAGE_VERSION "1.0"
| #define PACKAGE_STRING "stored 1.0"
| #define PACKAGE_BUGREPORT "artur@aaugustyniak.pl"
| #define PACKAGE_URL ""
| /* end confdefs.h.  */
| #include <ac_nonexistent.h>
configure:3131: checking for grep that handles long lines and -e
configure:3189: result: /bin/grep
configure:3194: checking for egrep
configure:3256: result: /bin/grep -E
configure:3261: checking for ANSI C header files
configure:3281: gcc -c -g -O2  conftest.c >&5
configure:3281: $? = 0
configure:3354: gcc -o conftest -g -O2   conftest.c  >&5
configure:3354: $? = 0
configure:3354: ./conftest
configure:3354: $? = 0
configure:3365: result: yes
configure:3378: checking for sys/types.h
configure:3378: gcc -c -g -O2  conftest.c >&5
configure:3378: $? = 0
configure:3378: result: yes
configure:3378: checking for sys/stat.h
configure:3378: gcc -c -g -O2  conftest.c >&5
configure:3378: $? = 0
configure:3378: result: yes
configure:3378: checking for stdlib.h
configure:3378: gcc -c -g -O2  conftest.c >&5
configure:3378: $? = 0
configure:3378: result: yes
configure:3378: checking for string.h
configure:3378: gcc -c -g -O2  conftest.c >&5
configure:3378: $? = 0
configure:3378: result: yes
configure:3378: checking for memory.h
configure:3378: gcc -c -g -O2  conftest.c >&5
configure:3378: $? = 0
configure:3378: result: yes
configure:3378: checking for strings.h
configure:3378: gcc -c -g -O2  conftest.c >&5
configure:3378: $? = 0
configure:3378: result: yes
configure:3378: checking for inttypes.h
configure:3378: gcc -c -g -O2  conftest.c >&5
configure:3378: $? = 0
configure:3378: result: yes
configure:3378: checking for stdint.h
configure:3378: gcc -c -g -O2  conftest.c >&5
configure:3378: $? = 0
configure:3378: result: yes
configure:3378: checking for unistd.h
configure:3378: gcc -c -g -O2  conftest.c >&5
configure:3378: $? = 0
configure:3378: result: yes
configure:3393: checking fcntl.h usability
configure:3393: gcc -c -g -O2  conftest.c >&5
configure:3393: $? = 0
configure:3393: result: yes
configure:3393: checking fcntl.h presence
configure:3393: gcc -E  conftest.c
configure:3393: $? = 0
configure:3393: result: yes
configure:3393: checking for fcntl.h
configure:3393: result: yes
configure:3393: checking limits.h usability
configure:3393: gcc -c -g -O2  conftest.c >&5
configure:3393: $? = 0
configure:3393: result: yes
configure:3393: checking limits.h presence
configure:3393: gcc -E  conftest.c
configure:3393: $? = 0
configure:3393: result: yes
configure:3393: checking for limits.h
configure:3393: result: yes
configure:3393: checking for stdint.h
configure:3393: result: yes
configure:3393: checking for stdlib.h
configure:3393: result: yes
configure:3393: checking for string.h
configure:3393: result: yes
configure:3393: checking sys/statvfs.h usability
configure:3393: gcc -c -g -O2  conftest.c >&5
configure:3393: $? = 0
configure:3393: result: yes
configure:3393: checking sys/statvfs.h presence
configure:3393: gcc -E  conftest.c
configure:3393: $? = 0
configure:3393: result: yes
configure:3393: checking for sys/statvfs.h
configure:3393: result: yes
configure:3393: checking syslog.h usability
configure:3393: gcc -c -g -O2  conftest.c >&5
configure:3393: $? = 0
configure:3393: result: yes
configure:3393: checking syslog.h presence
configure:3393: gcc -E  conftest.c
configure:3393: $? = 0
configure:3393: result: yes
configure:3393: checking for syslog.h
configure:3393: result: yes
configure:3393: checking for unistd.h
configure:3393: result: yes
configure:3405: checking for pid_t
configure:3405: gcc -c -g -O2  conftest.c >&5
configure:3405: $? = 0
configure:3405: gcc -c -g -O2  conftest.c >&5
conftest.c: In function 'main':
conftest.c:63:20: error: expected expression before ')' token
 if (sizeof ((pid_t)))
                    ^
configure:3405: $? = 1
configure: failed program was:
| /* confdefs.h */
| #define PACKAGE_NAME "stored"
| #define PACKAGE_TARNAME "stored"
| #define PACKAGE_VERSION "1.0"
| #define PACKAGE_STRING "stored 1.0"
| #define PACKAGE_BUGREPORT "artur@aaugustyniak.pl"
| #define PACKAGE_URL ""
| #define STDC_HEADERS 1
| #define HAVE_SYS_TYPES_H 1
| #define HAVE_SYS_STAT_H 1
| #define HAVE_STDLIB_H 1
| #define HAVE_STRING_H 1
| #define HAVE_MEMORY_H 1
| #define HAVE_STRINGS_H 1
| #define HAVE_INTTYPES_H 1
| #define HAVE_STDINT_H 1
| #define HAVE_UNISTD_H 1
| #define HAVE_FCNTL_H 1
| #define HAVE_LIMITS_H 1
| #define HAVE_STDINT_H 1
| #define HAVE_STDLIB_H 1
| #define HAVE_STRING_H 1
| #define HAVE_SYS_STATVFS_H 1
| #define HAVE_SYSLOG_H 1
| #define HAVE_UNISTD_H 1
| /* end confdefs.h.  */
| #include <stdio.h>
| #ifdef HAVE_SYS_TYPES_H
| # include <sys/types.h>
| #endif
| #ifdef HAVE_SYS_STAT_H
| # include <sys/stat.h>
| #endif
| #ifdef STDC_HEADERS
| # include <stdlib.h>
| # include <stddef.h>
| #else
| # ifdef HAVE_STDLIB_H
| #  include <stdlib.h>
| # endif
| #endif
| #ifdef HAVE_STRING_H
| # if !defined STDC_HEADERS && defined HAVE_MEMORY_H
| #  include <memory.h>
| # endif
| # include <string.h>
| #endif
| #ifdef HAVE_STRINGS_H
| # include <strings.h>
| #endif
| #ifdef HAVE_INTTYPES_H
| # include <inttypes.h>
| #endif
| #ifdef HAVE_STDINT_H
| # include <stdint.h>
| #endif
| #ifdef HAVE_UNISTD_H
| # include <unistd.h>
| #endif
| int
| main ()
| {
| if (sizeof ((pid_t)))
| 	    return 0;
|   ;
|   return 0;
| }
configure:3405: result: yes
configure:3416: checking for uint64_t
configure:3416: gcc -c -g -O2  conftest.c >&5
configure:3416: $? = 0
configure:3416: result: yes
configure:3434: checking vfork.h usability
configure:3434: gcc -c -g -O2  conftest.c >&5
conftest.c:60:19: fatal error: vfork.h: No such file or directory
 #include <vfork.h>
                   ^
compilation terminated.
configure:3434: $? = 1
configure: failed program was:
| /* confdefs.h */
| #define PACKAGE_NAME "stored"
| #define PACKAGE_TARNAME "stored"
| #define PACKAGE_VERSION "1.0"
| #define PACKAGE_STRING "stored 1.0"
| #define PACKAGE_BUGREPORT "artur@aaugustyniak.pl"
| #define PACKAGE_URL ""
| #define STDC_HEADERS 1
| #define HAVE_SYS_TYPES_H 1
| #define HAVE_SYS_STAT_H 1
| #define HAVE_STDLIB_H 1
| #define HAVE_STRING_H 1
| #define HAVE_MEMORY_H 1
| #define HAVE_STRINGS_H 1
| #define HAVE_INTTYPES_H 1
| #define HAVE_STDINT_H 1
| #define HAVE_UNISTD_H 1
| #define HAVE_FCNTL_H 1
| #define HAVE_LIMITS_H 1
| #define HAVE_STDINT_H 1
| #define HAVE_STDLIB_H 1
| #define HAVE_STRING_H 1
| #define HAVE_SYS_STATVFS_H 1
| #define HAVE_SYSLOG_H 1
| #define HAVE_UNISTD_H 1
| /* end confdefs.h.  */
| #include <stdio.h>
| #ifdef HAVE_SYS_TYPES_H
| # include <sys/types.h>
| #endif
| #ifdef HAVE_SYS_STAT_H
| # include <sys/stat.h>
| #endif
| #ifdef STDC_HEADERS
| # include <stdlib.h>
| # include <stddef.h>
| #else
| # ifdef HAVE_STDLIB_H
| #  include <stdlib.h>
| # endif
| #endif
| #ifdef HAVE_STRING_H
| # if !defined STDC_HEADERS && defined HAVE_MEMORY_H
| #  include <memory.h>
| # endif
| # include <string.h>
| #endif
| #ifdef HAVE_STRINGS_H
| # include <strings.h>
| #endif
| #ifdef HAVE_INTTYPES_H
| # include <inttypes.h>
| #endif
| #ifdef HAVE_STDINT_H
| # include <stdint.h>
| #endif
| #ifdef HAVE_UNISTD_H
| # include <unistd.h>
| #endif
| #include <vfork.h>
configure:3434: result: no
configure:3434: checking vfork.h presence
configure:3434: gcc -E  conftest.c
conftest.c:27:19: fatal error: vfork.h: No such file or directory
 #include <vfork.h>
                   ^
compilation terminated.
configure:3434: $? = 1
configure: failed program was:
| /* confdefs.h */
| #define PACKAGE_NAME "stored"
| #define PACKAGE_TARNAME "stored"
| #define PACKAGE_VERSION "1.0"
| #define PACKAGE_STRING "stored 1.0"
| #define PACKAGE_BUGREPORT "artur@aaugustyniak.pl"
| #define PACKAGE_URL ""
| #define STDC_HEADERS 1
| #define HAVE_SYS_TYPES_H 1
| #define HAVE_SYS_STAT_H 1
| #define HAVE_STDLIB_H 1
| #define HAVE_STRING_H 1
| #define HAVE_MEMORY_H 1
| #define HAVE_STRINGS_H 1
| #define HAVE_INTTYPES_H 1
| #define HAVE_STDINT_H 1
| #define HAVE_UNISTD_H 1
| #define HAVE_FCNTL_H 1
| #define HAVE_LIMITS_H 1
| #define HAVE_STDINT_H 1
| #define HAVE_STDLIB_H 1
| #define HAVE_STRING_H 1
| #define HAVE_SYS_STATVFS_H 1
| #define HAVE_SYSLOG_H 1
| #define HAVE_UNISTD_H 1
| /* end confdefs.h.  */
| #include <vfork.h>
configure:3434: result: no
configure:3434: checking for vfork.h
configure:3434: result: no
configure:3447: checking for fork
configure:3447: gcc -o conftest -g -O2   conftest.c  >&5
conftest.c:50:6: warning: conflicting types for built-in function 'fork'
 char fork ();
      ^
configure:3447: $? = 0
configure:3447: result: yes
configure:3447: checking for vfork
configure:3447: gcc -o conftest -g -O2   conftest.c  >&5
configure:3447: $? = 0
configure:3447: result: yes
configure:3457: checking for working fork
configure:3479: gcc -o conftest -g -O2   conftest.c  >&5
configure:3479: $? = 0
configure:3479: ./conftest
configure:3479: $? = 0
configure:3489: result: yes
configure:3510: checking for working vfork
configure:3620: result: yes
configure:3648: checking for memset
configure:3648: gcc -o conftest -g -O2   conftest.c  >&5
conftest.c:54:6: warning: conflicting types for built-in function 'memset'
 char memset ();
      ^
configure:3648: $? = 0
configure:3648: result: yes
configure:3648: checking for strerror
configure:3648: gcc -o conftest -g -O2   conftest.c  >&5
configure:3648: $? = 0
configure:3648: result: yes
configure:3772: creating ./config.status

## ---------------------- ##
## Running config.status. ##
## ---------------------- ##

This file was extended by stored config.status 1.0, which was
generated by GNU Autoconf 2.69.  Invocation command line was

  CONFIG_FILES    = 
  CONFIG_HEADERS  = 
  CONFIG_LINKS    = 
  CONFIG_COMMANDS = 
  $ ./config.status 

on l03devwrk

config.status:688: creating config.h

## ---------------- ##
## Cache variables. ##
## ---------------- ##

ac_cv_c_compiler_gnu=yes
ac_cv_c_uint64_t=yes
ac_cv_env_CC_set=
ac_cv_env_CC_value=
ac_cv_env_CFLAGS_set=
ac_cv_env_CFLAGS_value=
ac_cv_env_CPPFLAGS_set=
ac_cv_env_CPPFLAGS_value=
ac_cv_env_CPP_set=
ac_cv_env_CPP_value=
ac_cv_env_LDFLAGS_set=
ac_cv_env_LDFLAGS_value=
ac_cv_env_LIBS_set=
ac_cv_env_LIBS_value=
ac_cv_env_build_alias_set=
ac_cv_env_build_alias_value=
ac_cv_env_host_alias_set=
ac_cv_env_host_alias_value=
ac_cv_env_target_alias_set=
ac_cv_env_target_alias_value=
ac_cv_func_fork=yes
ac_cv_func_fork_works=yes
ac_cv_func_memset=yes
ac_cv_func_strerror=yes
ac_cv_func_vfork=yes
ac_cv_func_vfork_works=yes
ac_cv_header_fcntl_h=yes
ac_cv_header_inttypes_h=yes
ac_cv_header_limits_h=yes
ac_cv_header_memory_h=yes
ac_cv_header_stdc=yes
ac_cv_header_stdint_h=yes
ac_cv_header_stdlib_h=yes
ac_cv_header_string_h=yes
ac_cv_header_strings_h=yes
ac_cv_header_sys_stat_h=yes
ac_cv_header_sys_statvfs_h=yes
ac_cv_header_sys_types_h=yes
ac_cv_header_syslog_h=yes
ac_cv_header_unistd_h=yes
ac_cv_header_vfork_h=no
ac_cv_objext=o
ac_cv_path_EGREP='/bin/grep -E'
ac_cv_path_GREP=/bin/grep
ac_cv_prog_CPP='gcc -E'
ac_cv_prog_ac_ct_CC=gcc
ac_cv_prog_cc_c89=
ac_cv_prog_cc_g=yes
ac_cv_type_pid_t=yes

## ----------------- ##
## Output variables. ##
## ----------------- ##

CC='gcc'
CFLAGS='-g -O2'
CPP='gcc -E'
CPPFLAGS=''
DEFS='-DHAVE_CONFIG_H'
ECHO_C=''
ECHO_N='-n'
ECHO_T=''
EGREP='/bin/grep -E'
EXEEXT=''
GREP='/bin/grep'
LDFLAGS=''
LIBOBJS=''
LIBS=''
LTLIBOBJS=''
OBJEXT='o'
PACKAGE_BUGREPORT='artur@aaugustyniak.pl'
PACKAGE_NAME='stored'
PACKAGE_STRING='stored 1.0'
PACKAGE_TARNAME='stored'
PACKAGE_URL=''
PACKAGE_VERSION='1.0'
PATH_SEPARATOR=':'
SHELL='/bin/bash'
ac_ct_CC='gcc'
bindir='${exec_prefix}/bin'
build_alias=''
datadir='${datarootdir}'
datarootdir='${prefix}/share'
docdir='${datarootdir}/doc/${PACKAGE_TARNAME}'
dvidir='${docdir}'
exec_prefix='${prefix}'
host_alias=''
htmldir='${docdir}'
includedir='${prefix}/include'
infodir='${datarootdir}/info'
libdir='${exec_prefix}/lib'
libexecdir='${exec_prefix}/libexec'
localedir='${datarootdir}/locale'
localstatedir='${prefix}/var'
mandir='${datarootdir}/man'
oldincludedir='/usr/include'
pdfdir='${docdir}'
prefix='/usr/local'
program_transform_name='s,x,x,'
psdir='${docdir}'
sbindir='${exec_prefix}/sbin'
sharedstatedir='${prefix}/com'
sysconfdir='${prefix}/etc'
target_alias=''

## ----------- ##
## confdefs.h. ##
## ----------- ##

/* confdefs.h */
#define PACKAGE_NAME "stored"
#define PACKAGE_TARNAME "stored"
#define PACKAGE_VERSION "1.0"
#define PACKAGE_STRING "stored 1.0"
#define PACKAGE_BUGREPORT "artur@aaugustyniak.pl"
#define PACKAGE_URL ""
#define STDC_HEADERS 1
#define HAVE_SYS_TYPES_H 1
#define HAVE_SYS_STAT_H 1
#define HAVE_STDLIB_H 1
#define HAVE_STRING_H 1
#define HAVE_MEMORY_H 1
#define HAVE_STRINGS_H 1
#define HAVE_INTTYPES_H 1
#define HAVE_STDINT_H 1
#define HAVE_UNISTD_H 1
#define HAVE_FCNTL_H 1
#define HAVE_LIMITS_H 1
#define HAVE_STDINT_H 1
#define HAVE_STDLIB_H 1
#define HAVE_STRING_H 1
#define HAVE_SYS_STATVFS_H 1
#define HAVE_SYSLOG_H 1
#define HAVE_UNISTD_H 1
#define HAVE_FORK 1
#define HAVE_VFORK 1
#define HAVE_WORKING_VFORK 1
#define HAVE_WORKING_FORK 1
#define HAVE_MEMSET 1
#define HAVE_STRERROR 1

configure: exit 0
